<?xml version="1.0" encoding="UTF-8"?>
<!-- Generated by org.testng.reporters.JUnitXMLReporter -->
<testsuite hostname="subbu" name="Default test" tests="17" failures="0" timestamp="15 Jan 2015 13:08:22 GMT" time="0.029" errors="0">
  <testcase name="@BeforeTest BeforeClass" time="0.0" classname="Browser.Browser">
    <failure type="org.testng.TestNGException" message="
Parameter &amp;apos;browser&amp;apos; is required by @Configuration on method BeforeClass but has not been marked @Optional or defined
in C:\Users\subbi\AppData\Local\Temp\testng-eclipse--955606944\testng-customsuite.xml">
      <![CDATA[org.testng.TestNGException: 
Parameter 'browser' is required by @Configuration on method BeforeClass but has not been marked @Optional or defined
in C:\Users\subbi\AppData\Local\Temp\testng-eclipse--955606944\testng-customsuite.xml
	at org.testng.internal.Parameters.createParameters(Parameters.java:155)
	at org.testng.internal.Parameters.createParameters(Parameters.java:358)
	at org.testng.internal.Parameters.createConfigurationParameters(Parameters.java:86)
	at org.testng.internal.Invoker.invokeConfigurations(Invoker.java:199)
	at org.testng.internal.Invoker.invokeConfigurations(Invoker.java:138)
	at org.testng.TestRunner.beforeRun(TestRunner.java:641)
	at org.testng.TestRunner.run(TestRunner.java:609)
	at org.testng.SuiteRunner.runTest(SuiteRunner.java:334)
	at org.testng.SuiteRunner.runSequentially(SuiteRunner.java:329)
	at org.testng.SuiteRunner.privateRun(SuiteRunner.java:291)
	at org.testng.SuiteRunner.run(SuiteRunner.java:240)
	at org.testng.SuiteRunnerWorker.runSuite(SuiteRunnerWorker.java:52)
	at org.testng.SuiteRunnerWorker.run(SuiteRunnerWorker.java:86)
	at org.testng.TestNG.runSuitesSequentially(TestNG.java:1224)
	at org.testng.TestNG.runSuitesLocally(TestNG.java:1149)
	at org.testng.TestNG.run(TestNG.java:1057)
	at org.testng.remote.RemoteTestNG.run(RemoteTestNG.java:111)
	at org.testng.remote.RemoteTestNG.initAndRun(RemoteTestNG.java:204)
	at org.testng.remote.RemoteTestNG.main(RemoteTestNG.java:175)
]]>
    </failure>
  </testcase> <!-- @BeforeTest BeforeClass -->
  <testcase name="@AfterTest AfterClass" time="0.0" classname="Browser.Browser">
    <skipped/>
  </testcase> <!-- @AfterTest AfterClass -->
  <testcase name="OpenHomePage" time="0.003" classname="HomePageChecker.HomePage">
    <skipped/>
  </testcase> <!-- OpenHomePage -->
  <testcase name="VerifySchoolOfDragonBrandSelector" time="0.0" classname="HomePageChecker.HomePage">
    <skipped/>
  </testcase> <!-- VerifySchoolOfDragonBrandSelector -->
  <testcase name="ClickOnSchoolOfDragonBrand" time="0.0" classname="HomePageChecker.HomePage">
    <skipped/>
  </testcase> <!-- ClickOnSchoolOfDragonBrand -->
  <testcase name="ClickOnLoginButton" time="0.0" classname="HomePageChecker.HomePage">
    <skipped/>
  </testcase> <!-- ClickOnLoginButton -->
  <testcase name="ClickOnSignUpButton" time="0.0" classname="HomePageChecker.HomePage">
    <skipped/>
  </testcase> <!-- ClickOnSignUpButton -->
  <testcase name="VerifySignUpPage" time="0.001" classname="HomePageChecker.HomePage">
    <skipped/>
  </testcase> <!-- VerifySignUpPage -->
  <testcase name="PerformSignUpJourneyAgeSelection" time="0.001" classname="HomePageChecker.HomePage">
    <skipped/>
  </testcase> <!-- PerformSignUpJourneyAgeSelection -->
  <testcase name="PerformSignUpJourneyAfterAgeSelection" time="0.0" classname="HomePageChecker.HomePage">
    <skipped/>
  </testcase> <!-- PerformSignUpJourneyAfterAgeSelection -->
  <testcase name="ValidateSignUpPageFields" time="0.001" classname="HomePageChecker.HomePage">
    <skipped/>
  </testcase> <!-- ValidateSignUpPageFields -->
  <testcase name="ValidateSignUpPageFields2" time="0.0" classname="HomePageChecker.HomePage">
    <skipped/>
  </testcase> <!-- ValidateSignUpPageFields2 -->
  <testcase name="CreateNewUserID" time="0.0" classname="HomePageChecker.HomePage">
    <skipped/>
  </testcase> <!-- CreateNewUserID -->
  <testcase name="VerifySignedInAfterCreation" time="0.0" classname="HomePageChecker.HomePage">
    <skipped/>
  </testcase> <!-- VerifySignedInAfterCreation -->
  <testcase name="VerifySignedOut" time="0.0" classname="HomePageChecker.HomePage">
    <skipped/>
  </testcase> <!-- VerifySignedOut -->
  <testcase name="VerifySignedInAfterSignedOut" time="0.0" classname="HomePageChecker.HomePage">
    <skipped/>
  </testcase> <!-- VerifySignedInAfterSignedOut -->
  <testcase name="VerifyUnityPlayerDisplayedAfterOK" time="0.0" classname="HomePageChecker.HomePage">
    <skipped/>
  </testcase> <!-- VerifyUnityPlayerDisplayedAfterOK -->
  <testcase name="VerifyAuthorisationMailrecieved" time="0.0" classname="HomePageChecker.HomePage">
    <skipped/>
  </testcase> <!-- VerifyAuthorisationMailrecieved -->
  <testcase name="VerifyActivateAccountPage" time="0.0" classname="HomePageChecker.HomePage">
    <skipped/>
  </testcase> <!-- VerifyActivateAccountPage -->
</testsuite> <!-- Default test -->
